2025-06-23T00:25:32.128+05:30  INFO 16940 --- [patient-service] [main] c.p.PatientServiceApplication            : Starting PatientServiceApplication using Java 21.0.4 with PID 16940 (C:\Eclipse\Project\cm2\clinic-manager\patient-service\target\classes started by rohitkya in C:\Eclipse\Project\cm2\clinic-manager\patient-service)
2025-06-23T00:25:32.251+05:30  INFO 16940 --- [patient-service] [main] c.p.PatientServiceApplication            : No active profile set, falling back to 1 default profile: "default"
2025-06-23T00:25:36.413+05:30  INFO 16940 --- [patient-service] [main] .s.d.r.c.RepositoryConfigurationDelegate : Bootstrapping Spring Data JPA repositories in DEFAULT mode.
2025-06-23T00:25:36.955+05:30  INFO 16940 --- [patient-service] [main] .s.d.r.c.RepositoryConfigurationDelegate : Finished Spring Data repository scanning in 500 ms. Found 2 JPA repository interfaces.
2025-06-23T00:25:38.197+05:30  INFO 16940 --- [patient-service] [main] o.s.cloud.context.scope.GenericScope     : BeanFactory id=395c8c3f-a3da-3873-a592-b70e5aca6d85
2025-06-23T00:25:40.353+05:30  INFO 16940 --- [patient-service] [main] o.s.b.w.embedded.tomcat.TomcatWebServer  : Tomcat initialized with port 8082 (http)
2025-06-23T00:25:40.403+05:30  INFO 16940 --- [patient-service] [main] o.apache.catalina.core.StandardService   : Starting service [Tomcat]
2025-06-23T00:25:40.404+05:30  INFO 16940 --- [patient-service] [main] o.apache.catalina.core.StandardEngine    : Starting Servlet engine: [Apache Tomcat/10.1.40]
2025-06-23T00:25:41.025+05:30  INFO 16940 --- [patient-service] [main] o.a.c.c.C.[Tomcat].[localhost].[/]       : Initializing Spring embedded WebApplicationContext
2025-06-23T00:25:41.028+05:30  INFO 16940 --- [patient-service] [main] w.s.c.ServletWebServerApplicationContext : Root WebApplicationContext: initialization completed in 8589 ms
2025-06-23T00:25:41.703+05:30  INFO 16940 --- [patient-service] [main] o.hibernate.jpa.internal.util.LogHelper  : HHH000204: Processing PersistenceUnitInfo [name: default]
2025-06-23T00:25:41.906+05:30  INFO 16940 --- [patient-service] [main] org.hibernate.Version                    : HHH000412: Hibernate ORM core version 6.6.13.Final
2025-06-23T00:25:42.074+05:30  INFO 16940 --- [patient-service] [main] o.h.c.internal.RegionFactoryInitiator    : HHH000026: Second-level cache disabled
2025-06-23T00:25:44.201+05:30  INFO 16940 --- [patient-service] [main] o.s.o.j.p.SpringPersistenceUnitInfo      : No LoadTimeWeaver setup: ignoring JPA class transformer
2025-06-23T00:25:44.272+05:30  INFO 16940 --- [patient-service] [main] com.zaxxer.hikari.HikariDataSource       : HikariPool-1 - Starting...
2025-06-23T00:25:45.279+05:30  INFO 16940 --- [patient-service] [main] com.zaxxer.hikari.pool.HikariPool        : HikariPool-1 - Added connection com.mysql.cj.jdbc.ConnectionImpl@9de1b85
2025-06-23T00:25:45.287+05:30  INFO 16940 --- [patient-service] [main] com.zaxxer.hikari.HikariDataSource       : HikariPool-1 - Start completed.
2025-06-23T00:25:45.394+05:30  WARN 16940 --- [patient-service] [main] org.hibernate.orm.deprecation            : HHH90000025: MySQL8Dialect does not need to be specified explicitly using 'hibernate.dialect' (remove the property setting and it will be selected by default)
2025-06-23T00:25:45.411+05:30  WARN 16940 --- [patient-service] [main] org.hibernate.orm.deprecation            : HHH90000026: MySQL8Dialect has been deprecated; use org.hibernate.dialect.MySQLDialect instead
2025-06-23T00:25:45.491+05:30  INFO 16940 --- [patient-service] [main] org.hibernate.orm.connections.pooling    : HHH10001005: Database info:
	Database JDBC URL [Connecting through datasource 'HikariDataSource (HikariPool-1)']
	Database driver: undefined/unknown
	Database version: 8.0
	Autocommit mode: undefined/unknown
	Isolation level: undefined/unknown
	Minimum pool size: undefined/unknown
	Maximum pool size: undefined/unknown
2025-06-23T00:25:47.635+05:30  INFO 16940 --- [patient-service] [main] o.h.e.t.j.p.i.JtaPlatformInitiator       : HHH000489: No JTA platform available (set 'hibernate.transaction.jta.platform' to enable JTA platform integration)
2025-06-23T00:25:47.781+05:30  INFO 16940 --- [patient-service] [main] j.LocalContainerEntityManagerFactoryBean : Initialized JPA EntityManagerFactory for persistence unit 'default'
2025-06-23T00:25:48.938+05:30  WARN 16940 --- [patient-service] [main] JpaBaseConfiguration$JpaWebConfiguration : spring.jpa.open-in-view is enabled by default. Therefore, database queries may be performed during view rendering. Explicitly configure spring.jpa.open-in-view to disable this warning
2025-06-23T00:25:49.930+05:30  WARN 16940 --- [patient-service] [main] .s.s.UserDetailsServiceAutoConfiguration : 

Using generated security password: 4fe8fd6a-f94b-407f-b5da-4079e0f57a2e

This generated password is for development use only. Your security configuration must be updated before running your application in production.

2025-06-23T00:25:50.025+05:30  INFO 16940 --- [patient-service] [main] r$InitializeUserDetailsManagerConfigurer : Global AuthenticationManager configured with UserDetailsService bean with name inMemoryUserDetailsManager
2025-06-23T00:25:54.452+05:30  INFO 16940 --- [patient-service] [main] o.s.v.b.OptionalValidatorFactoryBean     : Failed to set up a Bean Validation provider: jakarta.validation.NoProviderFoundException: Unable to create a Configuration, because no Jakarta Bean Validation provider could be found. Add a provider like Hibernate Validator (RI) to your classpath.
2025-06-23T00:25:55.320+05:30  INFO 16940 --- [patient-service] [main] DiscoveryClientOptionalArgsConfiguration : Eureka HTTP Client uses RestTemplate.
2025-06-23T00:25:55.483+05:30  WARN 16940 --- [patient-service] [main] iguration$LoadBalancerCaffeineWarnLogger : Spring Cloud LoadBalancer is currently working with the default cache. While this cache implementation is useful for development and tests, it's recommended to use Caffeine cache in production.You can switch to using Caffeine cache, by adding it and org.springframework.cache.caffeine.CaffeineCacheManager to the classpath.
2025-06-23T00:25:55.624+05:30  INFO 16940 --- [patient-service] [main] o.s.c.n.eureka.InstanceInfoFactory       : Setting initial instance status as: STARTING
2025-06-23T00:25:55.671+05:30  INFO 16940 --- [patient-service] [main] com.netflix.discovery.DiscoveryClient    : Initializing Eureka in region us-east-1
2025-06-23T00:25:55.692+05:30  INFO 16940 --- [patient-service] [main] c.n.d.s.r.aws.ConfigClusterResolver      : Resolving eureka endpoints via configuration
2025-06-23T00:25:55.724+05:30  INFO 16940 --- [patient-service] [main] com.netflix.discovery.DiscoveryClient    : Disable delta property : false
2025-06-23T00:25:55.730+05:30  INFO 16940 --- [patient-service] [main] com.netflix.discovery.DiscoveryClient    : Single vip registry refresh property : null
2025-06-23T00:25:55.745+05:30  INFO 16940 --- [patient-service] [main] com.netflix.discovery.DiscoveryClient    : Force full registry fetch : false
2025-06-23T00:25:55.762+05:30  INFO 16940 --- [patient-service] [main] com.netflix.discovery.DiscoveryClient    : Application is null : false
2025-06-23T00:25:55.774+05:30  INFO 16940 --- [patient-service] [main] com.netflix.discovery.DiscoveryClient    : Registered Applications size is zero : true
2025-06-23T00:25:55.807+05:30  INFO 16940 --- [patient-service] [main] com.netflix.discovery.DiscoveryClient    : Application version is -1: true
2025-06-23T00:25:55.808+05:30  INFO 16940 --- [patient-service] [main] com.netflix.discovery.DiscoveryClient    : Getting all instance registry info from the eureka server
2025-06-23T00:25:56.888+05:30  INFO 16940 --- [patient-service] [main] com.netflix.discovery.DiscoveryClient    : The response status is 200
2025-06-23T00:25:56.891+05:30  INFO 16940 --- [patient-service] [main] com.netflix.discovery.DiscoveryClient    : Starting heartbeat executor: renew interval is: 30
2025-06-23T00:25:56.895+05:30  INFO 16940 --- [patient-service] [main] c.n.discovery.InstanceInfoReplicator     : InstanceInfoReplicator onDemand update allowed rate per min is 4
2025-06-23T00:25:56.901+05:30  INFO 16940 --- [patient-service] [main] com.netflix.discovery.DiscoveryClient    : Discovery Client initialized at timestamp 1750618556899 with initial instances count: 0
2025-06-23T00:25:56.907+05:30  INFO 16940 --- [patient-service] [main] o.s.c.n.e.s.EurekaServiceRegistry        : Registering application PATIENT-SERVICE with eureka with status UP
2025-06-23T00:25:56.909+05:30  INFO 16940 --- [patient-service] [main] com.netflix.discovery.DiscoveryClient    : Saw local status change event StatusChangeEvent [timestamp=1750618556909, current=UP, previous=STARTING]
2025-06-23T00:25:56.912+05:30  INFO 16940 --- [patient-service] [DiscoveryClient-InstanceInfoReplicator-%d] com.netflix.discovery.DiscoveryClient    : DiscoveryClient_PATIENT-SERVICE/LIN-5CG51634GZ:patient-service:8082: registering service...
2025-06-23T00:25:56.963+05:30  INFO 16940 --- [patient-service] [main] o.s.b.w.embedded.tomcat.TomcatWebServer  : Tomcat started on port 8082 (http) with context path '/'
2025-06-23T00:25:56.965+05:30  INFO 16940 --- [patient-service] [main] .s.c.n.e.s.EurekaAutoServiceRegistration : Updating port to 8082
2025-06-23T00:25:56.990+05:30  INFO 16940 --- [patient-service] [main] c.p.PatientServiceApplication            : Started PatientServiceApplication in 27.058 seconds (process running for 29.611)
2025-06-23T00:25:57.003+05:30  INFO 16940 --- [patient-service] [DiscoveryClient-InstanceInfoReplicator-%d] com.netflix.discovery.DiscoveryClient    : DiscoveryClient_PATIENT-SERVICE/LIN-5CG51634GZ:patient-service:8082 - registration status: 204
2025-06-23T00:26:16.312+05:30  INFO 16940 --- [patient-service] [http-nio-8082-exec-1] o.a.c.c.C.[Tomcat].[localhost].[/]       : Initializing Spring DispatcherServlet 'dispatcherServlet'
2025-06-23T00:26:16.313+05:30  INFO 16940 --- [patient-service] [http-nio-8082-exec-1] o.s.web.servlet.DispatcherServlet        : Initializing Servlet 'dispatcherServlet'
2025-06-23T00:26:16.314+05:30  INFO 16940 --- [patient-service] [http-nio-8082-exec-1] o.s.web.servlet.DispatcherServlet        : Completed initialization in 1 ms
2025-06-23T00:26:26.900+05:30  INFO 16940 --- [patient-service] [DiscoveryClient-CacheRefreshExecutor-%d] com.netflix.discovery.DiscoveryClient    : Disable delta property : false
2025-06-23T00:26:26.901+05:30  INFO 16940 --- [patient-service] [DiscoveryClient-CacheRefreshExecutor-%d] com.netflix.discovery.DiscoveryClient    : Single vip registry refresh property : null
2025-06-23T00:26:26.901+05:30  INFO 16940 --- [patient-service] [DiscoveryClient-CacheRefreshExecutor-%d] com.netflix.discovery.DiscoveryClient    : Force full registry fetch : false
2025-06-23T00:26:26.901+05:30  INFO 16940 --- [patient-service] [DiscoveryClient-CacheRefreshExecutor-%d] com.netflix.discovery.DiscoveryClient    : Application is null : false
2025-06-23T00:26:26.902+05:30  INFO 16940 --- [patient-service] [DiscoveryClient-CacheRefreshExecutor-%d] com.netflix.discovery.DiscoveryClient    : Registered Applications size is zero : true
2025-06-23T00:26:26.902+05:30  INFO 16940 --- [patient-service] [DiscoveryClient-CacheRefreshExecutor-%d] com.netflix.discovery.DiscoveryClient    : Application version is -1: false
2025-06-23T00:26:26.902+05:30  INFO 16940 --- [patient-service] [DiscoveryClient-CacheRefreshExecutor-%d] com.netflix.discovery.DiscoveryClient    : Getting all instance registry info from the eureka server
2025-06-23T00:26:26.934+05:30  INFO 16940 --- [patient-service] [DiscoveryClient-CacheRefreshExecutor-%d] com.netflix.discovery.DiscoveryClient    : The response status is 200
2025-06-23T00:30:55.813+05:30  INFO 16940 --- [patient-service] [AsyncResolver-bootstrap-executor-%d] c.n.d.s.r.aws.ConfigClusterResolver      : Resolving eureka endpoints via configuration
2025-06-23T00:35:55.821+05:30  INFO 16940 --- [patient-service] [AsyncResolver-bootstrap-executor-%d] c.n.d.s.r.aws.ConfigClusterResolver      : Resolving eureka endpoints via configuration
2025-06-23T00:40:55.837+05:30  INFO 16940 --- [patient-service] [AsyncResolver-bootstrap-executor-%d] c.n.d.s.r.aws.ConfigClusterResolver      : Resolving eureka endpoints via configuration
2025-06-23T00:45:55.853+05:30  INFO 16940 --- [patient-service] [AsyncResolver-bootstrap-executor-%d] c.n.d.s.r.aws.ConfigClusterResolver      : Resolving eureka endpoints via configuration
2025-06-23T10:12:34.684+05:30  WARN 16940 --- [patient-service] [HikariPool-1 housekeeper] com.zaxxer.hikari.pool.HikariPool        : HikariPool-1 - Thread starvation or clock leap detected (housekeeper delta=9h26m48s955ms792µs600ns).
2025-06-23T10:17:14.797+05:30  INFO 16940 --- [patient-service] [AsyncResolver-bootstrap-executor-%d] c.n.d.s.r.aws.ConfigClusterResolver      : Resolving eureka endpoints via configuration
2025-06-23T10:22:14.816+05:30  INFO 16940 --- [patient-service] [AsyncResolver-bootstrap-executor-%d] c.n.d.s.r.aws.ConfigClusterResolver      : Resolving eureka endpoints via configuration
2025-06-23T10:23:59.112+05:30  INFO 16940 --- [patient-service] [http-nio-8082-exec-10] c.p.controller.PatientController         : Received request to get patient profile for user ID: 2
2025-06-23T10:23:59.113+05:30  INFO 16940 --- [patient-service] [http-nio-8082-exec-10] c.p.service.PatientService               : Fetching patient profile for user ID: 2
2025-06-23T10:24:35.001+05:30  INFO 16940 --- [patient-service] [http-nio-8082-exec-3] c.p.service.PatientService               : Fetching medical history for user ID: 2
2025-06-23T10:24:35.266+05:30  INFO 16940 --- [patient-service] [http-nio-8082-exec-4] c.p.service.PatientService               : Fetching medical history for user ID: 2
2025-06-23T10:24:39.257+05:30  INFO 16940 --- [patient-service] [http-nio-8082-exec-7] c.p.controller.PatientController         : Received request to get patient profile for user ID: 2
2025-06-23T10:24:39.258+05:30  INFO 16940 --- [patient-service] [http-nio-8082-exec-7] c.p.service.PatientService               : Fetching patient profile for user ID: 2
2025-06-23T10:24:39.274+05:30  INFO 16940 --- [patient-service] [http-nio-8082-exec-8] c.p.controller.PatientController         : Received request to get patient profile for user ID: 2
2025-06-23T10:24:39.274+05:30  INFO 16940 --- [patient-service] [http-nio-8082-exec-8] c.p.service.PatientService               : Fetching patient profile for user ID: 2
2025-06-23T10:24:41.860+05:30  INFO 16940 --- [patient-service] [http-nio-8082-exec-9] c.p.controller.PatientController         : Received request to get patient profile for user ID: 2
2025-06-23T10:24:41.865+05:30  INFO 16940 --- [patient-service] [http-nio-8082-exec-9] c.p.service.PatientService               : Fetching patient profile for user ID: 2
2025-06-23T10:24:41.888+05:30  INFO 16940 --- [patient-service] [http-nio-8082-exec-10] c.p.controller.PatientController         : Received request to get patient profile for user ID: 2
2025-06-23T10:24:41.888+05:30  INFO 16940 --- [patient-service] [http-nio-8082-exec-10] c.p.service.PatientService               : Fetching patient profile for user ID: 2
2025-06-23T10:24:53.929+05:30  INFO 16940 --- [patient-service] [http-nio-8082-exec-2] c.p.controller.PatientController         : Received request to update patient profile for user ID: 2
2025-06-23T10:24:53.929+05:30  INFO 16940 --- [patient-service] [http-nio-8082-exec-2] c.p.service.PatientService               : Updating patient profile for user ID: 2
2025-06-23T10:25:00.087+05:30  INFO 16940 --- [patient-service] [http-nio-8082-exec-5] c.p.controller.PatientController         : Received request to get patient profile for user ID: 2
2025-06-23T10:25:00.088+05:30  INFO 16940 --- [patient-service] [http-nio-8082-exec-5] c.p.service.PatientService               : Fetching patient profile for user ID: 2
2025-06-23T10:25:00.104+05:30  INFO 16940 --- [patient-service] [http-nio-8082-exec-6] c.p.controller.PatientController         : Received request to get patient profile for user ID: 2
2025-06-23T10:25:00.105+05:30  INFO 16940 --- [patient-service] [http-nio-8082-exec-6] c.p.service.PatientService               : Fetching patient profile for user ID: 2
2025-06-23T10:25:06.363+05:30  INFO 16940 --- [patient-service] [http-nio-8082-exec-8] c.p.controller.PatientController         : Received request to get patient profile for user ID: 2
2025-06-23T10:25:06.364+05:30  INFO 16940 --- [patient-service] [http-nio-8082-exec-8] c.p.service.PatientService               : Fetching patient profile for user ID: 2
2025-06-23T10:27:14.851+05:30  INFO 16940 --- [patient-service] [AsyncResolver-bootstrap-executor-%d] c.n.d.s.r.aws.ConfigClusterResolver      : Resolving eureka endpoints via configuration
2025-06-23T10:32:14.867+05:30  INFO 16940 --- [patient-service] [AsyncResolver-bootstrap-executor-%d] c.n.d.s.r.aws.ConfigClusterResolver      : Resolving eureka endpoints via configuration
2025-06-23T10:37:14.875+05:30  INFO 16940 --- [patient-service] [AsyncResolver-bootstrap-executor-%d] c.n.d.s.r.aws.ConfigClusterResolver      : Resolving eureka endpoints via configuration
2025-06-23T10:42:14.877+05:30  INFO 16940 --- [patient-service] [AsyncResolver-bootstrap-executor-%d] c.n.d.s.r.aws.ConfigClusterResolver      : Resolving eureka endpoints via configuration
2025-06-23T10:47:14.889+05:30  INFO 16940 --- [patient-service] [AsyncResolver-bootstrap-executor-%d] c.n.d.s.r.aws.ConfigClusterResolver      : Resolving eureka endpoints via configuration
2025-06-23T10:52:14.894+05:30  INFO 16940 --- [patient-service] [AsyncResolver-bootstrap-executor-%d] c.n.d.s.r.aws.ConfigClusterResolver      : Resolving eureka endpoints via configuration
2025-06-23T10:57:14.905+05:30  INFO 16940 --- [patient-service] [AsyncResolver-bootstrap-executor-%d] c.n.d.s.r.aws.ConfigClusterResolver      : Resolving eureka endpoints via configuration
2025-06-23T11:01:04.540+05:30  INFO 16940 --- [patient-service] [http-nio-8082-exec-1] c.p.service.PatientService               : Fetching medical history for user ID: 2
2025-06-23T11:01:04.586+05:30  INFO 16940 --- [patient-service] [http-nio-8082-exec-1] c.p.service.PatientService               : Fetching medical history for user ID: 2
2025-06-23T11:01:41.165+05:30  INFO 16940 --- [patient-service] [http-nio-8082-exec-6] c.p.controller.PatientController         : Received request to add medical history for user ID: 2
2025-06-23T11:01:41.165+05:30  INFO 16940 --- [patient-service] [http-nio-8082-exec-6] c.p.service.PatientService               : Adding medical history for user ID: 2
2025-06-23T11:02:14.914+05:30  INFO 16940 --- [patient-service] [AsyncResolver-bootstrap-executor-%d] c.n.d.s.r.aws.ConfigClusterResolver      : Resolving eureka endpoints via configuration
2025-06-23T15:52:39.661+05:30  INFO 28168 --- [patient-service] [main] c.p.PatientServiceApplication            : Starting PatientServiceApplication using Java 21.0.4 with PID 28168 (C:\Eclipse\Project\cm2\clinic-manager\patient-service\target\classes started by rohitkya in C:\Eclipse\Project\cm2\clinic-manager\patient-service)
2025-06-23T15:52:39.674+05:30  INFO 28168 --- [patient-service] [main] c.p.PatientServiceApplication            : No active profile set, falling back to 1 default profile: "default"
2025-06-23T15:52:43.317+05:30  INFO 28168 --- [patient-service] [main] .s.d.r.c.RepositoryConfigurationDelegate : Bootstrapping Spring Data JPA repositories in DEFAULT mode.
2025-06-23T15:52:44.065+05:30  INFO 28168 --- [patient-service] [main] .s.d.r.c.RepositoryConfigurationDelegate : Finished Spring Data repository scanning in 642 ms. Found 2 JPA repository interfaces.
2025-06-23T15:52:45.361+05:30  INFO 28168 --- [patient-service] [main] o.s.cloud.context.scope.GenericScope     : BeanFactory id=395c8c3f-a3da-3873-a592-b70e5aca6d85
2025-06-23T15:52:47.618+05:30  INFO 28168 --- [patient-service] [main] o.s.b.w.embedded.tomcat.TomcatWebServer  : Tomcat initialized with port 8082 (http)
2025-06-23T15:52:47.705+05:30  INFO 28168 --- [patient-service] [main] o.apache.catalina.core.StandardService   : Starting service [Tomcat]
2025-06-23T15:52:47.708+05:30  INFO 28168 --- [patient-service] [main] o.apache.catalina.core.StandardEngine    : Starting Servlet engine: [Apache Tomcat/10.1.40]
2025-06-23T15:52:48.008+05:30  INFO 28168 --- [patient-service] [main] o.a.c.c.C.[Tomcat].[localhost].[/]       : Initializing Spring embedded WebApplicationContext
2025-06-23T15:52:48.053+05:30  INFO 28168 --- [patient-service] [main] w.s.c.ServletWebServerApplicationContext : Root WebApplicationContext: initialization completed in 8157 ms
2025-06-23T15:52:49.255+05:30  INFO 28168 --- [patient-service] [main] o.hibernate.jpa.internal.util.LogHelper  : HHH000204: Processing PersistenceUnitInfo [name: default]
2025-06-23T15:52:50.869+05:30  INFO 28168 --- [patient-service] [main] org.hibernate.Version                    : HHH000412: Hibernate ORM core version 6.6.13.Final
2025-06-23T15:52:50.999+05:30  INFO 28168 --- [patient-service] [main] o.h.c.internal.RegionFactoryInitiator    : HHH000026: Second-level cache disabled
2025-06-23T15:52:51.930+05:30  INFO 28168 --- [patient-service] [main] o.s.o.j.p.SpringPersistenceUnitInfo      : No LoadTimeWeaver setup: ignoring JPA class transformer
2025-06-23T15:52:52.010+05:30  INFO 28168 --- [patient-service] [main] com.zaxxer.hikari.HikariDataSource       : HikariPool-1 - Starting...
2025-06-23T15:52:52.967+05:30  INFO 28168 --- [patient-service] [main] com.zaxxer.hikari.pool.HikariPool        : HikariPool-1 - Added connection com.mysql.cj.jdbc.ConnectionImpl@59a3eaf7
2025-06-23T15:52:52.974+05:30  INFO 28168 --- [patient-service] [main] com.zaxxer.hikari.HikariDataSource       : HikariPool-1 - Start completed.
2025-06-23T15:52:53.094+05:30  WARN 28168 --- [patient-service] [main] org.hibernate.orm.deprecation            : HHH90000025: MySQL8Dialect does not need to be specified explicitly using 'hibernate.dialect' (remove the property setting and it will be selected by default)
2025-06-23T15:52:53.104+05:30  WARN 28168 --- [patient-service] [main] org.hibernate.orm.deprecation            : HHH90000026: MySQL8Dialect has been deprecated; use org.hibernate.dialect.MySQLDialect instead
2025-06-23T15:52:53.191+05:30  INFO 28168 --- [patient-service] [main] org.hibernate.orm.connections.pooling    : HHH10001005: Database info:
	Database JDBC URL [Connecting through datasource 'HikariDataSource (HikariPool-1)']
	Database driver: undefined/unknown
	Database version: 8.0
	Autocommit mode: undefined/unknown
	Isolation level: undefined/unknown
	Minimum pool size: undefined/unknown
	Maximum pool size: undefined/unknown
2025-06-23T15:52:55.446+05:30  INFO 28168 --- [patient-service] [main] o.h.e.t.j.p.i.JtaPlatformInitiator       : HHH000489: No JTA platform available (set 'hibernate.transaction.jta.platform' to enable JTA platform integration)
2025-06-23T15:52:55.636+05:30  INFO 28168 --- [patient-service] [main] j.LocalContainerEntityManagerFactoryBean : Initialized JPA EntityManagerFactory for persistence unit 'default'
2025-06-23T15:52:57.067+05:30  WARN 28168 --- [patient-service] [main] JpaBaseConfiguration$JpaWebConfiguration : spring.jpa.open-in-view is enabled by default. Therefore, database queries may be performed during view rendering. Explicitly configure spring.jpa.open-in-view to disable this warning
2025-06-23T15:52:57.960+05:30  WARN 28168 --- [patient-service] [main] .s.s.UserDetailsServiceAutoConfiguration : 

Using generated security password: d0302225-73e6-49d1-a779-87480d5627db

This generated password is for development use only. Your security configuration must be updated before running your application in production.

2025-06-23T15:52:57.984+05:30  INFO 28168 --- [patient-service] [main] r$InitializeUserDetailsManagerConfigurer : Global AuthenticationManager configured with UserDetailsService bean with name inMemoryUserDetailsManager
2025-06-23T15:53:02.124+05:30  WARN 28168 --- [patient-service] [main] thorizationManagerRequestMatcherRegistry : One of the patterns in [api/patients/me/patients, /api/auth/register, /api/auth/login, /swagger-ui/**, /v3/api-docs/**] is missing a leading slash. This is discouraged; please include the leading slash in all your request matcher patterns. In future versions of Spring Security, leaving out the leading slash will result in an exception.
2025-06-23T15:53:02.551+05:30  INFO 28168 --- [patient-service] [main] o.s.v.b.OptionalValidatorFactoryBean     : Failed to set up a Bean Validation provider: jakarta.validation.NoProviderFoundException: Unable to create a Configuration, because no Jakarta Bean Validation provider could be found. Add a provider like Hibernate Validator (RI) to your classpath.
2025-06-23T15:53:03.605+05:30  INFO 28168 --- [patient-service] [main] DiscoveryClientOptionalArgsConfiguration : Eureka HTTP Client uses RestTemplate.
2025-06-23T15:53:03.682+05:30  WARN 28168 --- [patient-service] [main] iguration$LoadBalancerCaffeineWarnLogger : Spring Cloud LoadBalancer is currently working with the default cache. While this cache implementation is useful for development and tests, it's recommended to use Caffeine cache in production.You can switch to using Caffeine cache, by adding it and org.springframework.cache.caffeine.CaffeineCacheManager to the classpath.
2025-06-23T15:53:03.822+05:30  INFO 28168 --- [patient-service] [main] o.s.c.n.eureka.InstanceInfoFactory       : Setting initial instance status as: STARTING
2025-06-23T15:53:03.882+05:30  INFO 28168 --- [patient-service] [main] com.netflix.discovery.DiscoveryClient    : Initializing Eureka in region us-east-1
2025-06-23T15:53:03.892+05:30  INFO 28168 --- [patient-service] [main] c.n.d.s.r.aws.ConfigClusterResolver      : Resolving eureka endpoints via configuration
2025-06-23T15:53:03.923+05:30  INFO 28168 --- [patient-service] [main] com.netflix.discovery.DiscoveryClient    : Disable delta property : false
2025-06-23T15:53:03.926+05:30  INFO 28168 --- [patient-service] [main] com.netflix.discovery.DiscoveryClient    : Single vip registry refresh property : null
2025-06-23T15:53:03.937+05:30  INFO 28168 --- [patient-service] [main] com.netflix.discovery.DiscoveryClient    : Force full registry fetch : false
2025-06-23T15:53:03.939+05:30  INFO 28168 --- [patient-service] [main] com.netflix.discovery.DiscoveryClient    : Application is null : false
2025-06-23T15:53:03.948+05:30  INFO 28168 --- [patient-service] [main] com.netflix.discovery.DiscoveryClient    : Registered Applications size is zero : true
2025-06-23T15:53:03.951+05:30  INFO 28168 --- [patient-service] [main] com.netflix.discovery.DiscoveryClient    : Application version is -1: true
2025-06-23T15:53:03.953+05:30  INFO 28168 --- [patient-service] [main] com.netflix.discovery.DiscoveryClient    : Getting all instance registry info from the eureka server
2025-06-23T15:53:05.177+05:30  INFO 28168 --- [patient-service] [main] com.netflix.discovery.DiscoveryClient    : The response status is 200
2025-06-23T15:53:05.194+05:30  INFO 28168 --- [patient-service] [main] com.netflix.discovery.DiscoveryClient    : Starting heartbeat executor: renew interval is: 30
2025-06-23T15:53:05.213+05:30  INFO 28168 --- [patient-service] [main] c.n.discovery.InstanceInfoReplicator     : InstanceInfoReplicator onDemand update allowed rate per min is 4
2025-06-23T15:53:05.240+05:30  INFO 28168 --- [patient-service] [main] com.netflix.discovery.DiscoveryClient    : Discovery Client initialized at timestamp 1750674185238 with initial instances count: 0
2025-06-23T15:53:05.260+05:30  INFO 28168 --- [patient-service] [main] o.s.c.n.e.s.EurekaServiceRegistry        : Registering application PATIENT-SERVICE with eureka with status UP
2025-06-23T15:53:05.269+05:30  INFO 28168 --- [patient-service] [main] com.netflix.discovery.DiscoveryClient    : Saw local status change event StatusChangeEvent [timestamp=1750674185269, current=UP, previous=STARTING]
2025-06-23T15:53:05.275+05:30  INFO 28168 --- [patient-service] [DiscoveryClient-InstanceInfoReplicator-%d] com.netflix.discovery.DiscoveryClient    : DiscoveryClient_PATIENT-SERVICE/10.236.21.24:patient-service:8082: registering service...
2025-06-23T15:53:05.389+05:30  INFO 28168 --- [patient-service] [main] o.s.b.w.embedded.tomcat.TomcatWebServer  : Tomcat started on port 8082 (http) with context path '/'
2025-06-23T15:53:05.392+05:30  INFO 28168 --- [patient-service] [main] .s.c.n.e.s.EurekaAutoServiceRegistration : Updating port to 8082
2025-06-23T15:53:05.548+05:30  INFO 28168 --- [patient-service] [main] c.p.PatientServiceApplication            : Started PatientServiceApplication in 27.94 seconds (process running for 30.757)
2025-06-23T15:53:05.639+05:30  INFO 28168 --- [patient-service] [DiscoveryClient-InstanceInfoReplicator-%d] com.netflix.discovery.DiscoveryClient    : DiscoveryClient_PATIENT-SERVICE/10.236.21.24:patient-service:8082 - registration status: 204
2025-06-23T15:53:35.195+05:30  INFO 28168 --- [patient-service] [DiscoveryClient-CacheRefreshExecutor-%d] com.netflix.discovery.DiscoveryClient    : Disable delta property : false
2025-06-23T15:53:35.196+05:30  INFO 28168 --- [patient-service] [DiscoveryClient-CacheRefreshExecutor-%d] com.netflix.discovery.DiscoveryClient    : Single vip registry refresh property : null
2025-06-23T15:53:35.196+05:30  INFO 28168 --- [patient-service] [DiscoveryClient-CacheRefreshExecutor-%d] com.netflix.discovery.DiscoveryClient    : Force full registry fetch : false
2025-06-23T15:53:35.197+05:30  INFO 28168 --- [patient-service] [DiscoveryClient-CacheRefreshExecutor-%d] com.netflix.discovery.DiscoveryClient    : Application is null : false
2025-06-23T15:53:35.197+05:30  INFO 28168 --- [patient-service] [DiscoveryClient-CacheRefreshExecutor-%d] com.netflix.discovery.DiscoveryClient    : Registered Applications size is zero : true
2025-06-23T15:53:35.197+05:30  INFO 28168 --- [patient-service] [DiscoveryClient-CacheRefreshExecutor-%d] com.netflix.discovery.DiscoveryClient    : Application version is -1: false
2025-06-23T15:53:35.197+05:30  INFO 28168 --- [patient-service] [DiscoveryClient-CacheRefreshExecutor-%d] com.netflix.discovery.DiscoveryClient    : Getting all instance registry info from the eureka server
2025-06-23T15:53:35.256+05:30  INFO 28168 --- [patient-service] [DiscoveryClient-CacheRefreshExecutor-%d] com.netflix.discovery.DiscoveryClient    : The response status is 200
2025-06-23T15:55:25.792+05:30  INFO 28168 --- [patient-service] [http-nio-8082-exec-1] o.a.c.c.C.[Tomcat].[localhost].[/]       : Initializing Spring DispatcherServlet 'dispatcherServlet'
2025-06-23T15:55:25.792+05:30  INFO 28168 --- [patient-service] [http-nio-8082-exec-1] o.s.web.servlet.DispatcherServlet        : Initializing Servlet 'dispatcherServlet'
2025-06-23T15:55:25.792+05:30  INFO 28168 --- [patient-service] [http-nio-8082-exec-1] o.s.web.servlet.DispatcherServlet        : Completed initialization in 0 ms
2025-06-23T21:33:09.971+05:30  INFO 33344 --- [patient-service] [main] c.p.PatientServiceApplication            : Starting PatientServiceApplication using Java 21.0.4 with PID 33344 (C:\Eclipse\Project\cm2\clinic-manager\patient-service\target\classes started by rohitkya in C:\Eclipse\Project\cm2\clinic-manager\patient-service)
2025-06-23T21:33:10.000+05:30  INFO 33344 --- [patient-service] [main] c.p.PatientServiceApplication            : No active profile set, falling back to 1 default profile: "default"
2025-06-23T21:33:13.457+05:30  INFO 33344 --- [patient-service] [main] .s.d.r.c.RepositoryConfigurationDelegate : Bootstrapping Spring Data JPA repositories in DEFAULT mode.
2025-06-23T21:33:13.936+05:30  INFO 33344 --- [patient-service] [main] .s.d.r.c.RepositoryConfigurationDelegate : Finished Spring Data repository scanning in 436 ms. Found 2 JPA repository interfaces.
2025-06-23T21:33:15.086+05:30  INFO 33344 --- [patient-service] [main] o.s.cloud.context.scope.GenericScope     : BeanFactory id=395c8c3f-a3da-3873-a592-b70e5aca6d85
2025-06-23T21:33:16.821+05:30  INFO 33344 --- [patient-service] [main] o.s.b.w.embedded.tomcat.TomcatWebServer  : Tomcat initialized with port 8082 (http)
2025-06-23T21:33:16.971+05:30  INFO 33344 --- [patient-service] [main] o.apache.catalina.core.StandardService   : Starting service [Tomcat]
2025-06-23T21:33:16.978+05:30  INFO 33344 --- [patient-service] [main] o.apache.catalina.core.StandardEngine    : Starting Servlet engine: [Apache Tomcat/10.1.40]
2025-06-23T21:33:17.356+05:30  INFO 33344 --- [patient-service] [main] o.a.c.c.C.[Tomcat].[localhost].[/]       : Initializing Spring embedded WebApplicationContext
2025-06-23T21:33:17.444+05:30  INFO 33344 --- [patient-service] [main] w.s.c.ServletWebServerApplicationContext : Root WebApplicationContext: initialization completed in 7171 ms
2025-06-23T21:33:18.817+05:30  INFO 33344 --- [patient-service] [main] o.hibernate.jpa.internal.util.LogHelper  : HHH000204: Processing PersistenceUnitInfo [name: default]
2025-06-23T21:33:19.067+05:30  INFO 33344 --- [patient-service] [main] org.hibernate.Version                    : HHH000412: Hibernate ORM core version 6.6.13.Final
2025-06-23T21:33:19.222+05:30  INFO 33344 --- [patient-service] [main] o.h.c.internal.RegionFactoryInitiator    : HHH000026: Second-level cache disabled
2025-06-23T21:33:20.363+05:30  INFO 33344 --- [patient-service] [main] o.s.o.j.p.SpringPersistenceUnitInfo      : No LoadTimeWeaver setup: ignoring JPA class transformer
2025-06-23T21:33:20.539+05:30  INFO 33344 --- [patient-service] [main] com.zaxxer.hikari.HikariDataSource       : HikariPool-1 - Starting...
2025-06-23T21:33:21.905+05:30  INFO 33344 --- [patient-service] [main] com.zaxxer.hikari.pool.HikariPool        : HikariPool-1 - Added connection com.mysql.cj.jdbc.ConnectionImpl@59a3eaf7
2025-06-23T21:33:21.912+05:30  INFO 33344 --- [patient-service] [main] com.zaxxer.hikari.HikariDataSource       : HikariPool-1 - Start completed.
2025-06-23T21:33:22.023+05:30  WARN 33344 --- [patient-service] [main] org.hibernate.orm.deprecation            : HHH90000025: MySQL8Dialect does not need to be specified explicitly using 'hibernate.dialect' (remove the property setting and it will be selected by default)
2025-06-23T21:33:22.033+05:30  WARN 33344 --- [patient-service] [main] org.hibernate.orm.deprecation            : HHH90000026: MySQL8Dialect has been deprecated; use org.hibernate.dialect.MySQLDialect instead
2025-06-23T21:33:22.186+05:30  INFO 33344 --- [patient-service] [main] org.hibernate.orm.connections.pooling    : HHH10001005: Database info:
	Database JDBC URL [Connecting through datasource 'HikariDataSource (HikariPool-1)']
	Database driver: undefined/unknown
	Database version: 8.0
	Autocommit mode: undefined/unknown
	Isolation level: undefined/unknown
	Minimum pool size: undefined/unknown
	Maximum pool size: undefined/unknown
2025-06-23T21:33:24.781+05:30  INFO 33344 --- [patient-service] [main] o.h.e.t.j.p.i.JtaPlatformInitiator       : HHH000489: No JTA platform available (set 'hibernate.transaction.jta.platform' to enable JTA platform integration)
2025-06-23T21:33:24.981+05:30  INFO 33344 --- [patient-service] [main] j.LocalContainerEntityManagerFactoryBean : Initialized JPA EntityManagerFactory for persistence unit 'default'
2025-06-23T21:33:25.968+05:30  WARN 33344 --- [patient-service] [main] JpaBaseConfiguration$JpaWebConfiguration : spring.jpa.open-in-view is enabled by default. Therefore, database queries may be performed during view rendering. Explicitly configure spring.jpa.open-in-view to disable this warning
2025-06-23T21:33:26.605+05:30  WARN 33344 --- [patient-service] [main] .s.s.UserDetailsServiceAutoConfiguration : 

Using generated security password: 44c04e21-8acc-4c70-ace1-90e56a1114ea

This generated password is for development use only. Your security configuration must be updated before running your application in production.

2025-06-23T21:33:26.630+05:30  INFO 33344 --- [patient-service] [main] r$InitializeUserDetailsManagerConfigurer : Global AuthenticationManager configured with UserDetailsService bean with name inMemoryUserDetailsManager
2025-06-23T21:33:30.179+05:30  WARN 33344 --- [patient-service] [main] thorizationManagerRequestMatcherRegistry : One of the patterns in [api/patients/me/patients, api/patients/me/patient-with-history, /api/auth/register, /api/auth/login, /swagger-ui/**, /v3/api-docs/**] is missing a leading slash. This is discouraged; please include the leading slash in all your request matcher patterns. In future versions of Spring Security, leaving out the leading slash will result in an exception.
2025-06-23T21:33:30.741+05:30  INFO 33344 --- [patient-service] [main] o.s.v.b.OptionalValidatorFactoryBean     : Failed to set up a Bean Validation provider: jakarta.validation.NoProviderFoundException: Unable to create a Configuration, because no Jakarta Bean Validation provider could be found. Add a provider like Hibernate Validator (RI) to your classpath.
2025-06-23T21:33:32.023+05:30  INFO 33344 --- [patient-service] [main] DiscoveryClientOptionalArgsConfiguration : Eureka HTTP Client uses RestTemplate.
2025-06-23T21:33:32.108+05:30  WARN 33344 --- [patient-service] [main] iguration$LoadBalancerCaffeineWarnLogger : Spring Cloud LoadBalancer is currently working with the default cache. While this cache implementation is useful for development and tests, it's recommended to use Caffeine cache in production.You can switch to using Caffeine cache, by adding it and org.springframework.cache.caffeine.CaffeineCacheManager to the classpath.
2025-06-23T21:33:32.343+05:30  INFO 33344 --- [patient-service] [main] o.s.c.n.eureka.InstanceInfoFactory       : Setting initial instance status as: STARTING
2025-06-23T21:33:32.410+05:30  INFO 33344 --- [patient-service] [main] com.netflix.discovery.DiscoveryClient    : Initializing Eureka in region us-east-1
2025-06-23T21:33:32.432+05:30  INFO 33344 --- [patient-service] [main] c.n.d.s.r.aws.ConfigClusterResolver      : Resolving eureka endpoints via configuration
2025-06-23T21:33:32.477+05:30  INFO 33344 --- [patient-service] [main] com.netflix.discovery.DiscoveryClient    : Disable delta property : false
2025-06-23T21:33:32.492+05:30  INFO 33344 --- [patient-service] [main] com.netflix.discovery.DiscoveryClient    : Single vip registry refresh property : null
2025-06-23T21:33:32.505+05:30  INFO 33344 --- [patient-service] [main] com.netflix.discovery.DiscoveryClient    : Force full registry fetch : false
2025-06-23T21:33:32.510+05:30  INFO 33344 --- [patient-service] [main] com.netflix.discovery.DiscoveryClient    : Application is null : false
2025-06-23T21:33:32.521+05:30  INFO 33344 --- [patient-service] [main] com.netflix.discovery.DiscoveryClient    : Registered Applications size is zero : true
2025-06-23T21:33:32.557+05:30  INFO 33344 --- [patient-service] [main] com.netflix.discovery.DiscoveryClient    : Application version is -1: true
2025-06-23T21:33:32.558+05:30  INFO 33344 --- [patient-service] [main] com.netflix.discovery.DiscoveryClient    : Getting all instance registry info from the eureka server
2025-06-23T21:33:34.278+05:30  INFO 33344 --- [patient-service] [main] com.netflix.discovery.DiscoveryClient    : The response status is 200
2025-06-23T21:33:34.288+05:30  INFO 33344 --- [patient-service] [main] com.netflix.discovery.DiscoveryClient    : Starting heartbeat executor: renew interval is: 30
2025-06-23T21:33:34.293+05:30  INFO 33344 --- [patient-service] [main] c.n.discovery.InstanceInfoReplicator     : InstanceInfoReplicator onDemand update allowed rate per min is 4
2025-06-23T21:33:34.297+05:30  INFO 33344 --- [patient-service] [main] com.netflix.discovery.DiscoveryClient    : Discovery Client initialized at timestamp 1750694614295 with initial instances count: 0
2025-06-23T21:33:34.315+05:30  INFO 33344 --- [patient-service] [main] o.s.c.n.e.s.EurekaServiceRegistry        : Registering application PATIENT-SERVICE with eureka with status UP
2025-06-23T21:33:34.318+05:30  INFO 33344 --- [patient-service] [main] com.netflix.discovery.DiscoveryClient    : Saw local status change event StatusChangeEvent [timestamp=1750694614318, current=UP, previous=STARTING]
2025-06-23T21:33:34.322+05:30  INFO 33344 --- [patient-service] [DiscoveryClient-InstanceInfoReplicator-%d] com.netflix.discovery.DiscoveryClient    : DiscoveryClient_PATIENT-SERVICE/LIN-5CG51634GZ:patient-service:8082: registering service...
2025-06-23T21:33:34.378+05:30  INFO 33344 --- [patient-service] [main] o.s.b.w.embedded.tomcat.TomcatWebServer  : Tomcat started on port 8082 (http) with context path '/'
2025-06-23T21:33:34.380+05:30  INFO 33344 --- [patient-service] [main] .s.c.n.e.s.EurekaAutoServiceRegistration : Updating port to 8082
2025-06-23T21:33:34.403+05:30  INFO 33344 --- [patient-service] [main] c.p.PatientServiceApplication            : Started PatientServiceApplication in 26.791 seconds (process running for 29.323)
2025-06-23T21:33:34.547+05:30  INFO 33344 --- [patient-service] [DiscoveryClient-InstanceInfoReplicator-%d] com.netflix.discovery.DiscoveryClient    : DiscoveryClient_PATIENT-SERVICE/LIN-5CG51634GZ:patient-service:8082 - registration status: 204
2025-06-23T21:34:04.303+05:30  INFO 33344 --- [patient-service] [DiscoveryClient-CacheRefreshExecutor-%d] com.netflix.discovery.DiscoveryClient    : Disable delta property : false
2025-06-23T21:34:04.305+05:30  INFO 33344 --- [patient-service] [DiscoveryClient-CacheRefreshExecutor-%d] com.netflix.discovery.DiscoveryClient    : Single vip registry refresh property : null
2025-06-23T21:34:04.305+05:30  INFO 33344 --- [patient-service] [DiscoveryClient-CacheRefreshExecutor-%d] com.netflix.discovery.DiscoveryClient    : Force full registry fetch : false
2025-06-23T21:34:04.305+05:30  INFO 33344 --- [patient-service] [DiscoveryClient-CacheRefreshExecutor-%d] com.netflix.discovery.DiscoveryClient    : Application is null : false
2025-06-23T21:34:04.306+05:30  INFO 33344 --- [patient-service] [DiscoveryClient-CacheRefreshExecutor-%d] com.netflix.discovery.DiscoveryClient    : Registered Applications size is zero : true
2025-06-23T21:34:04.306+05:30  INFO 33344 --- [patient-service] [DiscoveryClient-CacheRefreshExecutor-%d] com.netflix.discovery.DiscoveryClient    : Application version is -1: false
2025-06-23T21:34:04.308+05:30  INFO 33344 --- [patient-service] [DiscoveryClient-CacheRefreshExecutor-%d] com.netflix.discovery.DiscoveryClient    : Getting all instance registry info from the eureka server
2025-06-23T21:34:04.358+05:30  INFO 33344 --- [patient-service] [DiscoveryClient-CacheRefreshExecutor-%d] com.netflix.discovery.DiscoveryClient    : The response status is 200
2025-06-23T21:36:35.903+05:30  INFO 33344 --- [patient-service] [http-nio-8082-exec-2] o.a.c.c.C.[Tomcat].[localhost].[/]       : Initializing Spring DispatcherServlet 'dispatcherServlet'
2025-06-23T21:36:35.904+05:30  INFO 33344 --- [patient-service] [http-nio-8082-exec-2] o.s.web.servlet.DispatcherServlet        : Initializing Servlet 'dispatcherServlet'
2025-06-23T21:36:35.907+05:30  INFO 33344 --- [patient-service] [http-nio-8082-exec-2] o.s.web.servlet.DispatcherServlet        : Completed initialization in 2 ms
